\BOOKMARK [0][-]{chapter*.2}{Contents}{}% 1
\BOOKMARK [-1][-]{part.1}{I MEMORY}{}% 2
\BOOKMARK [0][-]{chapter.1.1}{Introduction}{part.1}% 3
\BOOKMARK [1][-]{section.1.1.1}{Motivation}{chapter.1.1}% 4
\BOOKMARK [1][-]{section.1.1.2}{Objectives}{chapter.1.1}% 5
\BOOKMARK [1][-]{section.1.1.3}{Thesis structure}{chapter.1.1}% 6
\BOOKMARK [0][-]{chapter.1.2}{Methodology}{part.1}% 7
\BOOKMARK [1][-]{section.1.2.1}{Anti-spoofing and biometrics systems}{chapter.1.2}% 8
\BOOKMARK [2][-]{subsection.1.2.1.1}{Introduction}{section.1.2.1}% 9
\BOOKMARK [2][-]{subsection.1.2.1.2}{Face anti-spoofing}{section.1.2.1}% 10
\BOOKMARK [2][-]{subsection.1.2.1.3}{Related Works}{section.1.2.1}% 11
\BOOKMARK [1][-]{section.1.2.2}{Neural Network background theory}{chapter.1.2}% 12
\BOOKMARK [2][-]{subsection.1.2.2.1}{Historical introduction}{section.1.2.2}% 13
\BOOKMARK [2][-]{subsection.1.2.2.2}{Introduction}{section.1.2.2}% 14
\BOOKMARK [2][-]{subsection.1.2.2.3}{Biological Neural Networks}{section.1.2.2}% 15
\BOOKMARK [2][-]{subsection.1.2.2.4}{Artificial Neural Networks \(ANN\)}{section.1.2.2}% 16
\BOOKMARK [1][-]{section.1.2.3}{Convolutional Neural Network \(CNN\)}{chapter.1.2}% 17
\BOOKMARK [1][-]{section.1.2.4}{Programming language and frameworks}{chapter.1.2}% 18
\BOOKMARK [2][-]{subsection.1.2.4.1}{Python}{section.1.2.4}% 19
\BOOKMARK [2][-]{subsection.1.2.4.2}{Theano and others frameworks}{section.1.2.4}% 20
\BOOKMARK [1][-]{section.1.2.5}{Databases}{chapter.1.2}% 21
\BOOKMARK [2][-]{subsection.1.2.5.1}{MNIST digit database}{section.1.2.5}% 22
\BOOKMARK [2][-]{subsection.1.2.5.2}{Labeled faces in the wild}{section.1.2.5}% 23
\BOOKMARK [2][-]{subsection.1.2.5.3}{FRAV dataset}{section.1.2.5}% 24
\BOOKMARK [2][-]{subsection.1.2.5.4}{CASIA dataset}{section.1.2.5}% 25
\BOOKMARK [2][-]{subsection.1.2.5.5}{MSU - MFSD database}{section.1.2.5}% 26
\BOOKMARK [1][-]{section.1.2.6}{Metrics}{chapter.1.2}% 27
\BOOKMARK [2][-]{subsection.1.2.6.1}{Cost and Error rate}{section.1.2.6}% 28
\BOOKMARK [2][-]{subsection.1.2.6.2}{True Positives \(TP\), True Negatives \(TN\), False Positives \(FP\), False Negatives \(FN\)}{section.1.2.6}% 29
\BOOKMARK [2][-]{subsection.1.2.6.3}{ROC curve and Precision and Recall curve}{section.1.2.6}% 30
\BOOKMARK [2][-]{subsection.1.2.6.4}{APCER and BPCER}{section.1.2.6}% 31
\BOOKMARK [1][-]{section.1.2.7}{Classifiers, Reduction of the dimensionality algorithms and Cross Validation}{chapter.1.2}% 32
\BOOKMARK [2][-]{subsection.1.2.7.1}{Classifiers}{section.1.2.7}% 33
\BOOKMARK [2][-]{subsection.1.2.7.2}{Dimensionality reduction algorithms}{section.1.2.7}% 34
\BOOKMARK [2][-]{subsection.1.2.7.3}{Cross Validation}{section.1.2.7}% 35
\BOOKMARK [1][-]{section.1.2.8}{LeNet-5}{chapter.1.2}% 36
\BOOKMARK [2][-]{subsection.1.2.8.1}{LeNet-5 specifications}{section.1.2.8}% 37
\BOOKMARK [2][-]{subsection.1.2.8.2}{LeNet-5 Results}{section.1.2.8}% 38
\BOOKMARK [2][-]{subsection.1.2.8.3}{Modifying LeNet}{section.1.2.8}% 39
\BOOKMARK [1][-]{section.1.2.9}{Start working with Faces databases}{chapter.1.2}% 40
\BOOKMARK [2][-]{subsection.1.2.9.1}{Using Labeled Faces in the Wild}{section.1.2.9}% 41
\BOOKMARK [2][-]{subsection.1.2.9.2}{Using FRAV dataset}{section.1.2.9}% 42
\BOOKMARK [1][-]{section.1.2.10}{Defining a new architecture}{chapter.1.2}% 43
\BOOKMARK [1][-]{section.1.2.11}{Regenerating the databases}{chapter.1.2}% 44
\BOOKMARK [2][-]{subsection.1.2.11.1}{Architecture implemented in Casia videos}{section.1.2.11}% 45
\BOOKMARK [2][-]{subsection.1.2.11.2}{As close as possible as Imagenet}{section.1.2.11}% 46
\BOOKMARK [2][-]{subsection.1.2.11.3}{New database}{section.1.2.11}% 47
\BOOKMARK [1][-]{section.1.2.12}{Final architecture}{chapter.1.2}% 48
\BOOKMARK [0][-]{chapter.1.3}{Results}{part.1}% 49
\BOOKMARK [0][-]{chapter.1.4}{Conclusions and future work}{part.1}% 50
\BOOKMARK [1][-]{section.1.4.1}{Conclusions}{chapter.1.4}% 51
\BOOKMARK [0][-]{chapter*.84}{Bibliography}{part.1}% 52
\BOOKMARK [0][-]{chapter*.85}{List of Figures}{part.1}% 53
\BOOKMARK [0][-]{chapter*.86}{List of Tables}{part.1}% 54
