This is pdfTeX, Version 3.14159265-2.6-1.40.17 (MiKTeX 2.9.6210 64-bit) (preloaded format=pdflatex 2017.4.3)  10 MAY 2017 16:05
entering extended mode
**./Memoria_TFM.tex
(Memoria_TFM.tex
LaTeX2e <2017/01/01> patch level 1
Babel <3.9r> and hyphenation patterns for 75 language(s) loaded.
("C:\Program Files\MiKTeX 2.9\tex\latex\base\book.cls"
Document Class: book 2014/09/29 v1.4h Standard LaTeX document class
("C:\Program Files\MiKTeX 2.9\tex\latex\base\bk12.clo"
File: bk12.clo 2014/09/29 v1.4h Standard LaTeX file (size option)
)
\c@part=\count79
\c@chapter=\count80
\c@section=\count81
\c@subsection=\count82
\c@subsubsection=\count83
\c@paragraph=\count84
\c@subparagraph=\count85
\c@figure=\count86
\c@table=\count87
\abovecaptionskip=\skip41
\belowcaptionskip=\skip42
\bibindent=\dimen102
)
("C:\Program Files\MiKTeX 2.9\tex\generic\babel\babel.sty"
Package: babel 2016/04/23 3.9r The Babel package

*************************************
* Local config file bblopts.cfg used
*
("C:\Program Files\MiKTeX 2.9\tex\latex\arabi\bblopts.cfg"
File: bblopts.cfg 2005/09/08 v0.1 add Arabic and Farsi to "declared" options of
 babel
)
("C:\Program Files\MiKTeX 2.9\tex\latex\babel-english\english.ldf"
Language: english 2017/01/24 v3.3q English support from the babel system

("C:\Program Files\MiKTeX 2.9\tex\generic\babel\babel.def"
File: babel.def 2016/04/23 3.9r Babel common definitions
\babel@savecnt=\count88
\U@D=\dimen103
)
\l@canadian = a dialect from \language\l@american 
\l@australian = a dialect from \language\l@british 
\l@newzealand = a dialect from \language\l@british 
))
("C:\Program Files\MiKTeX 2.9\tex\latex\amsmath\amsmath.sty"
Package: amsmath 2016/11/05 v2.16a AMS math features
\@mathmargin=\skip43

For additional information on amsmath, use the `?' option.
("C:\Program Files\MiKTeX 2.9\tex\latex\amsmath\amstext.sty"
Package: amstext 2000/06/29 v2.01 AMS text

("C:\Program Files\MiKTeX 2.9\tex\latex\amsmath\amsgen.sty"
File: amsgen.sty 1999/11/30 v2.0 generic functions
\@emptytoks=\toks14
\ex@=\dimen104
))
("C:\Program Files\MiKTeX 2.9\tex\latex\amsmath\amsbsy.sty"
Package: amsbsy 1999/11/29 v1.2d Bold Symbols
\pmbraise@=\dimen105
)
("C:\Program Files\MiKTeX 2.9\tex\latex\amsmath\amsopn.sty"
Package: amsopn 2016/03/08 v2.02 operator names
)
\inf@bad=\count89
LaTeX Info: Redefining \frac on input line 213.
\uproot@=\count90
\leftroot@=\count91
LaTeX Info: Redefining \overline on input line 375.
\classnum@=\count92
\DOTSCASE@=\count93
LaTeX Info: Redefining \ldots on input line 472.
LaTeX Info: Redefining \dots on input line 475.
LaTeX Info: Redefining \cdots on input line 596.
\Mathstrutbox@=\box26
\strutbox@=\box27
\big@size=\dimen106
LaTeX Font Info:    Redeclaring font encoding OML on input line 712.
LaTeX Font Info:    Redeclaring font encoding OMS on input line 713.
\macc@depth=\count94
\c@MaxMatrixCols=\count95
\dotsspace@=\muskip10
\c@parentequation=\count96
\dspbrk@lvl=\count97
\tag@help=\toks15
\row@=\count98
\column@=\count99
\maxfields@=\count100
\andhelp@=\toks16
\eqnshift@=\dimen107
\alignsep@=\dimen108
\tagshift@=\dimen109
\tagwidth@=\dimen110
\totwidth@=\dimen111
\lineht@=\dimen112
\@envbody=\toks17
\multlinegap=\skip44
\multlinetaggap=\skip45
\mathdisplay@stack=\toks18
LaTeX Info: Redefining \[ on input line 2817.
LaTeX Info: Redefining \] on input line 2818.
)
("C:\Program Files\MiKTeX 2.9\tex\latex\amsfonts\amssymb.sty"
Package: amssymb 2013/01/14 v3.01 AMS font symbols

("C:\Program Files\MiKTeX 2.9\tex\latex\amsfonts\amsfonts.sty"
Package: amsfonts 2013/01/14 v3.01 Basic AMSFonts support
\symAMSa=\mathgroup4
\symAMSb=\mathgroup5
LaTeX Font Info:    Overwriting math alphabet `\mathfrak' in version `bold'
(Font)                  U/euf/m/n --> U/euf/b/n on input line 106.
))
("C:\Program Files\MiKTeX 2.9\tex\latex\base\latexsym.sty"
Package: latexsym 1998/08/17 v2.2e Standard LaTeX package (lasy symbols)
\symlasy=\mathgroup6
LaTeX Font Info:    Overwriting symbol font `lasy' in version `bold'
(Font)                  U/lasy/m/n --> U/lasy/b/n on input line 52.
)
("C:\Program Files\MiKTeX 2.9\tex\latex\eurosym\eurosym.sty"
Package: eurosym 1998/08/06 v1.1 European currency symbol ``Euro''
\@eurobox=\box28
)
("C:\Program Files\MiKTeX 2.9\tex\latex\fancyhdr\fancyhdr.sty"
Package: fancyhdr 2016/09/06 3.8 Extensive control of page headers and footers
\fancy@headwidth=\skip46
\f@ncyO@elh=\skip47
\f@ncyO@erh=\skip48
\f@ncyO@olh=\skip49
\f@ncyO@orh=\skip50
\f@ncyO@elf=\skip51
\f@ncyO@erf=\skip52
\f@ncyO@olf=\skip53
\f@ncyO@orf=\skip54
)
("C:\Program Files\MiKTeX 2.9\tex\latex\titlesec\titlesec.sty"
Package: titlesec 2016/03/21 v2.10.2 Sectioning titles
\ttl@box=\box29
\beforetitleunit=\skip55
\aftertitleunit=\skip56
\ttl@plus=\dimen113
\ttl@minus=\dimen114
\ttl@toksa=\toks19
\titlewidth=\dimen115
\titlewidthlast=\dimen116
\titlewidthfirst=\dimen117
)
("C:\Program Files\MiKTeX 2.9\tex\latex\tools\longtable.sty"
Package: longtable 2014/10/28 v4.11 Multi-page Table package (DPC)
\LTleft=\skip57
\LTright=\skip58
\LTpre=\skip59
\LTpost=\skip60
\LTchunksize=\count101
\LTcapwidth=\dimen118
\LT@head=\box30
\LT@firsthead=\box31
\LT@foot=\box32
\LT@lastfoot=\box33
\LT@cols=\count102
\LT@rows=\count103
\c@LT@tables=\count104
\c@LT@chunks=\count105
\LT@p@ftn=\toks20
)
("C:\Program Files\MiKTeX 2.9\tex\latex\ltxmisc\anysize.sty"
Package: anysize 1994/08/13 1.0 Contributed LaTeX2e package

Package: `anysize' 1.0 <1994/08/13>
\@Leftmargin=\dimen119
\@Rightmargin=\dimen120
\@Topmargin=\dimen121
\@Bottommargin=\dimen122
) ("C:\Program Files\MiKTeX 2.9\tex\latex\graphics\color.sty"
Package: color 2016/07/10 v1.1e Standard LaTeX Color (DPC)

("C:\Program Files\MiKTeX 2.9\tex\latex\graphics-cfg\color.cfg"
File: color.cfg 2016/01/02 v1.6 sample color configuration
)
Package color Info: Driver file: pdftex.def on input line 147.

("C:\Program Files\MiKTeX 2.9\tex\latex\graphics-def\pdftex.def"
File: pdftex.def 2017/01/12 v0.06k Graphics/color for pdfTeX

("C:\Program Files\MiKTeX 2.9\tex\generic\oberdiek\infwarerr.sty"
Package: infwarerr 2016/05/16 v1.4 Providing info/warning/error messages (HO)
)
("C:\Program Files\MiKTeX 2.9\tex\generic\oberdiek\ltxcmds.sty"
Package: ltxcmds 2016/05/16 v1.23 LaTeX kernel commands for general use (HO)
)
\Gread@gobject=\count106
))
("C:\Program Files\MiKTeX 2.9\tex\latex\graphics\graphicx.sty"
Package: graphicx 2014/10/28 v1.0g Enhanced LaTeX Graphics (DPC,SPQR)

("C:\Program Files\MiKTeX 2.9\tex\latex\graphics\keyval.sty"
Package: keyval 2014/10/28 v1.15 key=value parser (DPC)
\KV@toks@=\toks21
)
("C:\Program Files\MiKTeX 2.9\tex\latex\graphics\graphics.sty"
Package: graphics 2016/10/09 v1.0u Standard LaTeX Graphics (DPC,SPQR)

("C:\Program Files\MiKTeX 2.9\tex\latex\graphics\trig.sty"
Package: trig 2016/01/03 v1.10 sin cos tan (DPC)
)
("C:\Program Files\MiKTeX 2.9\tex\latex\graphics-cfg\graphics.cfg"
File: graphics.cfg 2016/06/04 v1.11 sample graphics configuration
)
Package graphics Info: Driver file: pdftex.def on input line 99.
)
\Gin@req@height=\dimen123
\Gin@req@width=\dimen124
)
("C:\Program Files\MiKTeX 2.9\tex\latex\wrapfig\wrapfig.sty"
\wrapoverhang=\dimen125
\WF@size=\dimen126
\c@WF@wrappedlines=\count107
\WF@box=\box34
\WF@everypar=\toks22
Package: wrapfig 2003/01/31  v 3.6
)
("C:\Program Files\MiKTeX 2.9\tex\latex\tools\afterpage.sty"
Package: afterpage 2014/10/28 v1.08 After-Page Package (DPC)
\AP@output=\toks23
\AP@partial=\box35
\AP@footins=\box36
)
("C:\Program Files\MiKTeX 2.9\tex\latex\graphics\epsfig.sty"
Package: epsfig 1999/02/16 v1.7a (e)psfig emulation (SPQR)
\epsfxsize=\dimen127
\epsfysize=\dimen128
)
("C:\Program Files\MiKTeX 2.9\tex\latex\oberdiek\epstopdf.sty"
Package: epstopdf 2016/05/15 v2.6 Conversion with epstopdf on the fly (HO)

("C:\Program Files\MiKTeX 2.9\tex\latex\oberdiek\epstopdf-base.sty"
Package: epstopdf-base 2016/05/15 v2.6 Base part for package epstopdf

("C:\Program Files\MiKTeX 2.9\tex\latex\oberdiek\grfext.sty"
Package: grfext 2016/05/16 v1.2 Manage graphics extensions (HO)

("C:\Program Files\MiKTeX 2.9\tex\generic\oberdiek\kvdefinekeys.sty"
Package: kvdefinekeys 2016/05/16 v1.4 Define keys (HO)
))
("C:\Program Files\MiKTeX 2.9\tex\latex\oberdiek\kvoptions.sty"
Package: kvoptions 2016/05/16 v3.12 Key value format for package options (HO)

("C:\Program Files\MiKTeX 2.9\tex\generic\oberdiek\kvsetkeys.sty"
Package: kvsetkeys 2016/05/16 v1.17 Key value parser (HO)

("C:\Program Files\MiKTeX 2.9\tex\generic\oberdiek\etexcmds.sty"
Package: etexcmds 2016/05/16 v1.6 Avoid name clashes with e-TeX commands (HO)

("C:\Program Files\MiKTeX 2.9\tex\generic\oberdiek\ifluatex.sty"
Package: ifluatex 2016/05/16 v1.4 Provides the ifluatex switch (HO)
Package ifluatex Info: LuaTeX not detected.
)
Package etexcmds Info: Could not find \expanded.
(etexcmds)             That can mean that you are not using pdfTeX 1.50 or
(etexcmds)             that some package has redefined \expanded.
(etexcmds)             In the latter case, load this package earlier.
)))
("C:\Program Files\MiKTeX 2.9\tex\generic\oberdiek\pdftexcmds.sty"
Package: pdftexcmds 2016/05/21 v0.22 Utility functions of pdfTeX for LuaTeX (HO
)

("C:\Program Files\MiKTeX 2.9\tex\generic\oberdiek\ifpdf.sty"
Package: ifpdf 2016/05/14 v3.1 Provides the ifpdf switch
)
Package pdftexcmds Info: LuaTeX not detected.
Package pdftexcmds Info: \pdf@primitive is available.
Package pdftexcmds Info: \pdf@ifprimitive is available.
Package pdftexcmds Info: \pdfdraftmode found.
)
Package epstopdf-base Info: Redefining graphics rule for `.eps' on input line 4
38.
Package grfext Info: Graphics extension search list:
(grfext)             [.png,.pdf,.jpg,.mps,.jpeg,.jbig2,.jb2,.PNG,.PDF,.JPG,.JPE
G,.JBIG2,.JB2,.eps]
(grfext)             \AppendGraphicsExtensions on input line 456.
))
("C:\Program Files\MiKTeX 2.9\tex\latex\hyperref\hyperref.sty"
Package: hyperref 2016/06/24 v6.83q Hypertext links for LaTeX

("C:\Program Files\MiKTeX 2.9\tex\generic\oberdiek\hobsub-hyperref.sty"
Package: hobsub-hyperref 2016/05/16 v1.14 Bundle oberdiek, subset hyperref (HO)


("C:\Program Files\MiKTeX 2.9\tex\generic\oberdiek\hobsub-generic.sty"
Package: hobsub-generic 2016/05/16 v1.14 Bundle oberdiek, subset generic (HO)
Package: hobsub 2016/05/16 v1.14 Construct package bundles (HO)
Package hobsub Info: Skipping package `infwarerr' (already loaded).
Package hobsub Info: Skipping package `ltxcmds' (already loaded).
Package hobsub Info: Skipping package `ifluatex' (already loaded).
Package: ifvtex 2016/05/16 v1.6 Detect VTeX and its facilities (HO)
Package ifvtex Info: VTeX not detected.
Package: intcalc 2016/05/16 v1.2 Expandable calculations with integers (HO)
Package hobsub Info: Skipping package `ifpdf' (already loaded).
Package hobsub Info: Skipping package `etexcmds' (already loaded).
Package hobsub Info: Skipping package `kvsetkeys' (already loaded).
Package hobsub Info: Skipping package `kvdefinekeys' (already loaded).
Package hobsub Info: Skipping package `pdftexcmds' (already loaded).
Package: pdfescape 2016/05/16 v1.14 Implements pdfTeX's escape features (HO)
Package: bigintcalc 2016/05/16 v1.4 Expandable calculations on big integers (HO
)
Package: bitset 2016/05/16 v1.2 Handle bit-vector datatype (HO)
Package: uniquecounter 2016/05/16 v1.3 Provide unlimited unique counter (HO)
)
Package hobsub Info: Skipping package `hobsub' (already loaded).
Package: letltxmacro 2016/05/16 v1.5 Let assignment for LaTeX macros (HO)
Package: hopatch 2016/05/16 v1.3 Wrapper for package hooks (HO)
Package: xcolor-patch 2016/05/16 xcolor patch
Package: atveryend 2016/05/16 v1.9 Hooks at the very end of document (HO)
Package atveryend Info: \AP@enddocument detected (standard20110627).
Package: atbegshi 2016/06/09 v1.18 At begin shipout hook (HO)
Package: refcount 2016/05/16 v3.5 Data extraction from label references (HO)
Package: hycolor 2016/05/16 v1.8 Color options for hyperref/bookmark (HO)
)
("C:\Program Files\MiKTeX 2.9\tex\generic\ifxetex\ifxetex.sty"
Package: ifxetex 2010/09/12 v0.6 Provides ifxetex conditional
)
("C:\Program Files\MiKTeX 2.9\tex\latex\oberdiek\auxhook.sty"
Package: auxhook 2016/05/16 v1.4 Hooks for auxiliary files (HO)
)
\@linkdim=\dimen129
\Hy@linkcounter=\count108
\Hy@pagecounter=\count109

("C:\Program Files\MiKTeX 2.9\tex\latex\hyperref\pd1enc.def"
File: pd1enc.def 2016/06/24 v6.83q Hyperref: PDFDocEncoding definition (HO)
)
\Hy@SavedSpaceFactor=\count110

("C:\Program Files\MiKTeX 2.9\tex\latex\00miktex\hyperref.cfg"
File: hyperref.cfg 2002/06/06 v1.2 hyperref configuration of TeXLive
)
Package hyperref Info: Hyper figures OFF on input line 4486.
Package hyperref Info: Link nesting OFF on input line 4491.
Package hyperref Info: Hyper index ON on input line 4494.
Package hyperref Info: Plain pages OFF on input line 4501.
Package hyperref Info: Backreferencing OFF on input line 4506.
Package hyperref Info: Implicit mode ON; LaTeX internals redefined.
Package hyperref Info: Bookmarks ON on input line 4735.
\c@Hy@tempcnt=\count111

("C:\Program Files\MiKTeX 2.9\tex\latex\url\url.sty"
\Urlmuskip=\muskip11
Package: url 2013/09/16  ver 3.4  Verb mode for urls, etc.
)
LaTeX Info: Redefining \url on input line 5088.
\XeTeXLinkMargin=\dimen130
\Fld@menulength=\count112
\Field@Width=\dimen131
\Fld@charsize=\dimen132
Package hyperref Info: Hyper figures OFF on input line 6342.
Package hyperref Info: Link nesting OFF on input line 6347.
Package hyperref Info: Hyper index ON on input line 6350.
Package hyperref Info: backreferencing OFF on input line 6357.
Package hyperref Info: Link coloring OFF on input line 6362.
Package hyperref Info: Link coloring with OCG OFF on input line 6367.
Package hyperref Info: PDF/A mode OFF on input line 6372.
LaTeX Info: Redefining \ref on input line 6412.
LaTeX Info: Redefining \pageref on input line 6416.
\Hy@abspage=\count113
\c@Item=\count114
\c@Hfootnote=\count115
)

Package hyperref Message: Driver (autodetected): hpdftex.

("C:\Program Files\MiKTeX 2.9\tex\latex\hyperref\hpdftex.def"
File: hpdftex.def 2016/06/24 v6.83q Hyperref driver for pdfTeX
\Fld@listcount=\count116
\c@bookmark@seq@number=\count117

("C:\Program Files\MiKTeX 2.9\tex\latex\oberdiek\rerunfilecheck.sty"
Package: rerunfilecheck 2016/05/16 v1.8 Rerun checks for auxiliary files (HO)
Package uniquecounter Info: New unique counter `rerunfilecheck' on input line 2
82.
)
\Hy@SectionHShift=\skip61
)
("C:\Program Files\MiKTeX 2.9\tex\latex\subfigure\subfigure.sty"
Package: subfigure 2002/07/30 v2.1.4 subfigure package
\subfigtopskip=\skip62
\subfigcapskip=\skip63
\subfigcaptopadj=\dimen133
\subfigbottomskip=\skip64
\subfigcapmargin=\dimen134
\subfiglabelskip=\skip65
\c@subfigure=\count118
\c@lofdepth=\count119
\c@subtable=\count120
\c@lotdepth=\count121

****************************************
* Local config file subfigure.cfg used *
****************************************
("C:\Program Files\MiKTeX 2.9\tex\latex\subfigure\subfigure.cfg")
\subfig@top=\skip66
\subfig@bottom=\skip67
)
("C:\Program Files\MiKTeX 2.9\tex\latex\minitoc\minitoc.sty"
Package: minitoc 2015/07/13 v61 Package minitoc

("C:\Program Files\MiKTeX 2.9\tex\latex\minitoc\mtcmess.sty"
Package: mtcmess 2006/03/14
)
Package minitoc Info: I0001
(minitoc)             *** minitoc package, version 61 ***.
\tf@mtc=\write3
\mtcindent=\skip68
\mtcskipamount=\skip69
Package minitoc Info: I0005
(minitoc)             compatible with hyperref.
Package minitoc Info: I0023
(minitoc)             part level macros available.
Package minitoc Info: I0003
(minitoc)             chapter level macros available.
\mtc@toks=\toks24
\mtc@strutbox=\box37
\mtc@hstrutbox=\box38
Package minitoc Info: I0002
(minitoc)             Autoconfiguration of extensions.
\openout3 = `Memoria_TFM.mtc0'.

\openout3 = `Memoria_TFM.mtc'.

 (Memoria_TFM.mtc0)
Package minitoc Info: I0012
(minitoc)             Long extensions (Unix-like) will be used.
Package minitoc Info: I0031
(minitoc)             ==> this version is configured for UNIX-like 
(minitoc)                 (long extensions) file names.
\openout3 = `Memoria_TFM.mtc'.

\openout3 = `Memoria_TFM.mtc0'.

\c@mtc=\count122
\c@minitocdepth=\count123
\c@ptc=\count124
\c@parttocdepth=\count125
\ptcindent=\skip70
Package minitoc Info: I0010
(minitoc)             The english language is selected.
(minitoc)              on input line 4909.
 ("C:\Program Files\MiKTeX 2.9\tex\latex\minitoc\english.mld"
File: english.mld 2006/01/13
)
("C:\Program Files\MiKTeX 2.9\tex\latex\minitoc\english.mld"
File: english.mld 2006/01/13
))
Package minitoc Info: I0024
(minitoc)             PREPARING MINITOCS FROM Memoria_TFM.toc on input line 27.


("C:\Program Files\MiKTeX 2.9\tex\latex\tocbibind\tocbibind.sty"
Package: tocbibind 2010/10/13 v1.5k extra ToC listings
Package tocbibind Info: The document has chapter divisions on input line 50.


Package tocbibind Note: Using chapter style headings, unless overridden.

) ("C:\Program Files\MiKTeX 2.9\tex\latex\pdfpages\pdfpages.sty"
Package: pdfpages 2017/01/14 v0.5h Insert pages of external PDF documents (AM)

("C:\Program Files\MiKTeX 2.9\tex\latex\base\ifthen.sty"
Package: ifthen 2014/09/29 v1.1c Standard LaTeX ifthen package (DPC)
)
("C:\Program Files\MiKTeX 2.9\tex\latex\tools\calc.sty"
Package: calc 2014/10/28 v4.3 Infix arithmetic (KKT,FJ)
\calc@Acount=\count126
\calc@Bcount=\count127
\calc@Adimen=\dimen135
\calc@Bdimen=\dimen136
\calc@Askip=\skip71
\calc@Bskip=\skip72
LaTeX Info: Redefining \setlength on input line 80.
LaTeX Info: Redefining \addtolength on input line 81.
\calc@Ccount=\count128
\calc@Cskip=\skip73
)
("C:\Program Files\MiKTeX 2.9\tex\latex\eso-pic\eso-pic.sty"
Package: eso-pic 2015/07/21 v2.0g eso-pic (RN)
)
\AM@pagewidth=\dimen137
\AM@pageheight=\dimen138

("C:\Program Files\MiKTeX 2.9\tex\latex\pdfpages\pppdftex.def"
File: pppdftex.def 2017/01/14 v0.5h Pdfpages driver for pdfTeX (AM)
)
\AM@pagebox=\box39
\AM@global@opts=\toks25
\AM@toc@title=\toks26
\c@AM@survey=\count129
\AM@templatesizebox=\box40
)
("C:\Program Files\MiKTeX 2.9\tex\latex\cite\cite.sty"
LaTeX Info: Redefining \cite on input line 302.
LaTeX Info: Redefining \nocite on input line 332.
Package: cite 2015/02/27  v 5.5
)
("C:\Program Files\MiKTeX 2.9\tex\latex\enumitem\enumitem.sty"
Package: enumitem 2011/09/28 v3.5.2 Customized lists
\labelindent=\skip74
\enit@outerparindent=\dimen139
\enit@toks=\toks27
\enit@inbox=\box41
\enitdp@description=\count130
)
("C:\Program Files\MiKTeX 2.9\tex\latex\placeins\placeins.sty"
Package: placeins 2005/04/18  v 2.2
)
("C:\Program Files\MiKTeX 2.9\tex\latex\caption\caption.sty"
Package: caption 2016/02/21 v3.3-144 Customizing captions (AR)

("C:\Program Files\MiKTeX 2.9\tex\latex\caption\caption3.sty"
Package: caption3 2016/05/22 v1.7-166 caption3 kernel (AR)
Package caption3 Info: TeX engine: e-TeX on input line 67.
\captionmargin=\dimen140
\captionmargin@=\dimen141
\captionwidth=\dimen142
\caption@tempdima=\dimen143
\caption@indent=\dimen144
\caption@parindent=\dimen145
\caption@hangindent=\dimen146
)
\c@ContinuedFloat=\count131
Package caption Info: hyperref package is loaded.
Package caption Info: longtable package is loaded.

("C:\Program Files\MiKTeX 2.9\tex\latex\caption\ltcaption.sty"
Package: ltcaption 2013/06/09 v1.4-94 longtable captions (AR)
)
Package caption Info: subfigure package is loaded.
Package caption Info: wrapfig package is loaded.
)
("C:\Program Files\MiKTeX 2.9\tex\latex\xcolor\xcolor.sty"
Package: xcolor 2016/05/11 v2.12 LaTeX color extensions (UK)

("C:\Program Files\MiKTeX 2.9\tex\latex\graphics-cfg\color.cfg"
File: color.cfg 2016/01/02 v1.6 sample color configuration
)
Package xcolor Info: Driver file: pdftex.def on input line 225.

("C:\Program Files\MiKTeX 2.9\tex\latex\colortbl\colortbl.sty"
Package: colortbl 2012/02/13 v1.0a Color table columns (DPC)

("C:\Program Files\MiKTeX 2.9\tex\latex\tools\array.sty"
Package: array 2016/10/06 v2.4d Tabular extension package (FMi)
\col@sep=\dimen147
\extrarowheight=\dimen148
\NC@list=\toks28
\extratabsurround=\skip75
\backup@length=\skip76
)
\everycr=\toks29
\minrowclearance=\skip77
)
LaTeX Info: Redefining \color on input line 709.
\rownum=\count132
Package xcolor Info: Model `cmy' substituted by `cmy0' on input line 1348.
Package xcolor Info: Model `hsb' substituted by `rgb' on input line 1352.
Package xcolor Info: Model `RGB' extended on input line 1364.
Package xcolor Info: Model `HTML' substituted by `rgb' on input line 1366.
Package xcolor Info: Model `Hsb' substituted by `hsb' on input line 1367.
Package xcolor Info: Model `tHsb' substituted by `hsb' on input line 1368.
Package xcolor Info: Model `HSB' substituted by `hsb' on input line 1369.
Package xcolor Info: Model `Gray' substituted by `gray' on input line 1370.
Package xcolor Info: Model `wave' substituted by `hsb' on input line 1371.
)
("C:\Program Files\MiKTeX 2.9\tex\latex\booktabs\booktabs.sty"
Package: booktabs 2005/04/14 v1.61803 publication quality tables
\heavyrulewidth=\dimen149
\lightrulewidth=\dimen150
\cmidrulewidth=\dimen151
\belowrulesep=\dimen152
\belowbottomsep=\dimen153
\aboverulesep=\dimen154
\abovetopsep=\dimen155
\cmidrulesep=\dimen156
\cmidrulekern=\dimen157
\defaultaddspace=\dimen158
\@cmidla=\count133
\@cmidlb=\count134
\@aboverulesep=\dimen159
\@belowrulesep=\dimen160
\@thisruleclass=\count135
\@lastruleclass=\count136
\@thisrulewidth=\dimen161
)
("C:\Program Files\MiKTeX 2.9\tex\latex\etoolbox\etoolbox.sty"
Package: etoolbox 2017/01/02 v2.4 e-TeX tools for LaTeX (JAW)
\etb@tempcnta=\count137
)
(Memoria_TFM.aux)
\openout1 = `Memoria_TFM.aux'.

LaTeX Font Info:    Checking defaults for OML/cmm/m/it on input line 119.
LaTeX Font Info:    ... okay on input line 119.
LaTeX Font Info:    Checking defaults for T1/cmr/m/n on input line 119.
LaTeX Font Info:    ... okay on input line 119.
LaTeX Font Info:    Checking defaults for OT1/cmr/m/n on input line 119.
LaTeX Font Info:    ... okay on input line 119.
LaTeX Font Info:    Checking defaults for OMS/cmsy/m/n on input line 119.
LaTeX Font Info:    ... okay on input line 119.
LaTeX Font Info:    Checking defaults for OMX/cmex/m/n on input line 119.
LaTeX Font Info:    ... okay on input line 119.
LaTeX Font Info:    Checking defaults for U/cmr/m/n on input line 119.
LaTeX Font Info:    ... okay on input line 119.
LaTeX Font Info:    Checking defaults for PD1/pdf/m/n on input line 119.
LaTeX Font Info:    ... okay on input line 119.
 ("C:\Program Files\MiKTeX 2.9\tex\context\base\supp-pdf.mkii"
[Loading MPS to PDF converter (version 2006.09.02).]
\scratchcounter=\count138
\scratchdimen=\dimen162
\scratchbox=\box42
\nofMPsegments=\count139
\nofMParguments=\count140
\everyMPshowfont=\toks30
\MPscratchCnt=\count141
\MPscratchDim=\dimen163
\MPnumerator=\count142
\makeMPintoPDFobject=\count143
\everyMPtoPDFconversion=\toks31
)
\AtBeginShipoutBox=\box43
Package hyperref Info: Link coloring OFF on input line 119.
 ("C:\Program Files\MiKTeX 2.9\tex\latex\hyperref\nameref.sty"
Package: nameref 2016/05/21 v2.44 Cross-referencing by name of section

("C:\Program Files\MiKTeX 2.9\tex\generic\oberdiek\gettitlestring.sty"
Package: gettitlestring 2016/05/16 v1.5 Cleanup title references (HO)
)
\c@section@level=\count144
)
LaTeX Info: Redefining \ref on input line 119.
LaTeX Info: Redefining \pageref on input line 119.
LaTeX Info: Redefining \nameref on input line 119.

(Memoria_TFM.out) (Memoria_TFM.out)
\@outlinefile=\write4
\openout4 = `Memoria_TFM.out'.

\c@minilofdepth=\count145
\c@minilotdepth=\count146
\c@partlofdepth=\count147
\c@partlotdepth=\count148
\c@sectlofdepth=\count149
\c@sectlotdepth=\count150
Package minitoc(hints) Info: I0049
(minitoc(hints))             ==> You requested the hints option. 
(minitoc(hints))             Some hints are eventually given below.
Package minitoc(hints) Info: I0046
(minitoc(hints))             --- The tocbibind package is loaded. 
(minitoc(hints))             See the minitoc package documentation 
(minitoc(hints))             for specific precautions.


Package minitoc(hints) Warning: W0099
(minitoc(hints))                --- The titlesec package is loaded. 
(minitoc(hints))                It is incompatible 
(minitoc(hints))                with the minitoc package.


Package minitoc(hints) Warning: W0030
(minitoc(hints))                --- The \part command is altered 
(minitoc(hints))                after minitoc.


Package minitoc(hints) Warning: W0023
(minitoc(hints))                --- It may be the consequence 
(minitoc(hints))                of loading the ``hyperref'' package.


Package minitoc(hints) Warning: W0028
(minitoc(hints))                --- The \chapter command is altered 
(minitoc(hints))                after minitoc.


Package minitoc(hints) Warning: W0023
(minitoc(hints))                --- It may be the consequence 
(minitoc(hints))                of loading the ``hyperref'' package.

("C:\Program Files\MiKTeX 2.9\tex\latex\oberdiek\pdflscape.sty"
Package: pdflscape 2016/05/14 v0.11 Display of landscape pages in PDF (HO)

("C:\Program Files\MiKTeX 2.9\tex\latex\graphics\lscape.sty"
Package: lscape 2000/10/22 v3.01 Landscape Pages (DPC)
)
Package pdflscape Info: Auto-detected driver: pdftex on input line 81.
)
Package caption Info: Begin \AtBeginDocument code.
Package caption Info: End \AtBeginDocument code.
LaTeX Font Info:    Try loading font information for U+msa on input line 143.

("C:\Program Files\MiKTeX 2.9\tex\latex\amsfonts\umsa.fd"
File: umsa.fd 2013/01/14 v3.01 AMS symbols A
)
LaTeX Font Info:    Try loading font information for U+msb on input line 143.

("C:\Program Files\MiKTeX 2.9\tex\latex\amsfonts\umsb.fd"
File: umsb.fd 2013/01/14 v3.01 AMS symbols B
)
LaTeX Font Info:    Try loading font information for U+lasy on input line 143.

("C:\Program Files\MiKTeX 2.9\tex\latex\base\ulasy.fd"
File: ulasy.fd 1998/08/17 v2.2e LaTeX symbol font definitions
) [1



{C:/ProgramData/MiKTeX/2.9/pdftex/config/pdftex.map}] [2]
Underfull \hbox (badness 10000) in paragraph at lines 156--157

 []


Underfull \hbox (badness 10000) in paragraph at lines 158--159

 []


Underfull \hbox (badness 10000) in paragraph at lines 160--161

 []


Underfull \hbox (badness 10000) in paragraph at lines 162--163

 []

[3

] [4

] (Memoria_TFM.toc)
\tf@toc=\write5
\openout5 = `Memoria_TFM.toc'.

 [5] [6

]
Chapter 1.
(Intro.tex
\openout3 = `Memoria_TFM.mtc'.

\openout3 = `Memoria_TFM.mtc'.

 (Memoria_TFM.mtc2)
Underfull \hbox (badness 10000) in paragraph at lines 6--8

 []


Underfull \hbox (badness 10000) in paragraph at lines 9--10

 []


Underfull \hbox (badness 10000) in paragraph at lines 14--15

 []


Underfull \vbox (badness 2913) has occurred while \output is active []

 [1

]
Underfull \hbox (badness 10000) in paragraph at lines 16--17

 []


Underfull \hbox (badness 10000) in paragraph at lines 18--19

 []


Underfull \hbox (badness 10000) in paragraph at lines 20--21

 []


Underfull \hbox (badness 10000) in paragraph at lines 22--23

 []


Underfull \hbox (badness 10000) in paragraph at lines 24--25

 []


Underfull \hbox (badness 10000) in paragraph at lines 27--28

 []


Underfull \hbox (badness 10000) in paragraph at lines 29--30

 []


Underfull \hbox (badness 10000) in paragraph at lines 31--32

 []

[2]

LaTeX Warning: Reference `ch:results' on page 3 undefined on input line 33.


Underfull \hbox (badness 10000) in paragraph at lines 33--34

 []


LaTeX Warning: Reference `ch:concl' on page 3 undefined on input line 35.


Underfull \hbox (badness 10000) in paragraph at lines 35--36

 []

) [3] [4

]
Chapter 2.
(theory.tex
\openout3 = `Memoria_TFM.mtc'.

\openout3 = `Memoria_TFM.mtc'.

 (Memoria_TFM.mtc3 [5]) (spoofing.tex
Underfull \hbox (badness 10000) in paragraph at lines 3--4

 []


LaTeX Warning: Citation `Intro_biometrics' on page 6 undefined on input line 6.



Underfull \hbox (badness 10000) in paragraph at lines 6--7

 []


Underfull \hbox (badness 10000) in paragraph at lines 8--9

 []


LaTeX Warning: Citation `fingerprint_image' on page 6 undefined on input line 1
0.


Underfull \hbox (badness 10000) in paragraph at lines 10--11

 []


<images_miscelaneus/spoofing_fingerprint.jpg, id=238, 519.9425pt x 347.2975pt>
File: images_miscelaneus/spoofing_fingerprint.jpg Graphic file (type jpg)

<use images_miscelaneus/spoofing_fingerprint.jpg>
Package pdftex.def Info: images_miscelaneus/spoofing_fingerprint.jpg used on in
put line 15.
(pdftex.def)             Requested size: 227.62206pt x 152.03766pt.


LaTeX Warning: Citation `fingerprint_image' on page 6 undefined on input line 1
6.


LaTeX Warning: Citation `fingerprint_image' on page 6 undefined on input line 1
6.

[6]

LaTeX Warning: Citation `Spoofing_survey' on page 7 undefined on input line 19.



Underfull \hbox (badness 10000) in paragraph at lines 19--20

 []


Underfull \hbox (badness 10000) in paragraph at lines 21--22

 []


LaTeX Warning: Citation `Spoofing_survey' on page 7 undefined on input line 23.



Underfull \hbox (badness 10000) in paragraph at lines 35--36

 []


Underfull \hbox (badness 10000) in paragraph at lines 38--39

 []

[7 <./images_miscelaneus/spoofing_fingerprint.jpg>]

LaTeX Warning: Citation `distorsion' on page 8 undefined on input line 40.


Underfull \hbox (badness 10000) in paragraph at lines 40--41

 []


LaTeX Warning: Citation `survey2' on page 8 undefined on input line 42.


Underfull \hbox (badness 10000) in paragraph at lines 42--43

 []


Underfull \hbox (badness 10000) in paragraph at lines 45--46

 []


LaTeX Warning: Citation `LSTM-CNN' on page 8 undefined on input line 47.


LaTeX Warning: Citation `Verification' on page 8 undefined on input line 47.


LaTeX Warning: Citation `yangLL14' on page 8 undefined on input line 47.


Underfull \hbox (badness 10000) in paragraph at lines 47--48

 []


LaTeX Warning: Citation `distorsion' on page 8 undefined on input line 49.


LaTeX Warning: Citation `LBP_FaceAnti' on page 8 undefined on input line 49.


Underfull \hbox (badness 10000) in paragraph at lines 49--50

 []


LaTeX Warning: Citation `distorsion' on page 8 undefined on input line 51.


LaTeX Warning: Citation `Blink_antispoofing' on page 8 undefined on input line 
51.

) (cnn_theory.tex
Underfull \hbox (badness 10000) in paragraph at lines 51--1

 []


Underfull \hbox (badness 10000) in paragraph at lines 2--3

 []


Underfull \vbox (badness 10000) has occurred while \output is active []

 [8]

LaTeX Warning: Citation `BINN' on page 9 undefined on input line 5.


Underfull \hbox (badness 10000) in paragraph at lines 5--6

 []


Underfull \hbox (badness 10000) in paragraph at lines 7--8

 []


Underfull \hbox (badness 10000) in paragraph at lines 9--10

 []


Underfull \hbox (badness 10000) in paragraph at lines 11--12

 []


Underfull \hbox (badness 10000) in paragraph at lines 13--14

 []


Underfull \hbox (badness 10000) in paragraph at lines 15--16

 []


Underfull \hbox (badness 10000) in paragraph at lines 17--18

 []

[9]
Underfull \hbox (badness 10000) in paragraph at lines 20--21

 []


LaTeX Warning: Citation `Rojas' on page 10 undefined on input line 22.


Underfull \hbox (badness 10000) in paragraph at lines 22--23

 []


LaTeX Warning: Citation `Rojas' on page 10 undefined on input line 25.


Underfull \hbox (badness 10000) in paragraph at lines 25--26

 []

<images_miscelaneus/neuron.png, id=259, 693.59125pt x 325.215pt>
File: images_miscelaneus/neuron.png Graphic file (type png)

<use images_miscelaneus/neuron.png>
Package pdftex.def Info: images_miscelaneus/neuron.png used on input line 29.
(pdftex.def)             Requested size: 295.90588pt x 138.748pt.


LaTeX Warning: Citation `BINN' on page 10 undefined on input line 30.


LaTeX Warning: Citation `BINN' on page 10 undefined on input line 30.


LaTeX Warning: Citation `BINN' on page 10 undefined on input line 34.


Underfull \hbox (badness 10000) in paragraph at lines 34--35

 []


LaTeX Warning: Citation `BINN' on page 10 undefined on input line 36.


LaTeX Warning: Citation `neuroscience' on page 10 undefined on input line 36.


Underfull \hbox (badness 10000) in paragraph at lines 36--37

 []

[10 <./images_miscelaneus/neuron.png>]

LaTeX Warning: Citation `BINN' on page 11 undefined on input line 39.


Underfull \hbox (badness 10000) in paragraph at lines 39--40

 []


Underfull \hbox (badness 10000) in paragraph at lines 48--49

 []

<images_miscelaneus/red_neuronal.jpg, id=267, 1783.66376pt x 790.955pt>
File: images_miscelaneus/red_neuronal.jpg Graphic file (type jpg)

<use images_miscelaneus/red_neuronal.jpg>
Package pdftex.def Info: images_miscelaneus/red_neuronal.jpg used on input line
 52.
(pdftex.def)             Requested size: 250.38564pt x 111.0226pt.

Underfull \hbox (badness 10000) in paragraph at lines 56--57

 []

<images_miscelaneus/neurona_sencilla.jpg, id=268, 963.6pt x 722.7pt>
File: images_miscelaneus/neurona_sencilla.jpg Graphic file (type jpg)

<use images_miscelaneus/neurona_sencilla.jpg>
Package pdftex.def Info: images_miscelaneus/neurona_sencilla.jpg used on input 
line 60.
(pdftex.def)             Requested size: 250.38564pt x 187.7873pt.


LaTeX Warning: Citation `krose' on page 11 undefined on input line 64.


Underfull \hbox (badness 10000) in paragraph at lines 64--65

 []

[11]
Underfull \hbox (badness 10000) in paragraph at lines 70--71

 []


LaTeX Warning: Citation `BINN' on page 12 undefined on input line 72.


Underfull \hbox (badness 10000) in paragraph at lines 72--73

 []

<images_miscelaneus/activation_function.PNG, id=280, 1006.962pt x 823.878pt>
File: images_miscelaneus/activation_function.PNG Graphic file (type png)

<use images_miscelaneus/activation_function.PNG>
Package pdftex.def Info: images_miscelaneus/activation_function.PNG used on inp
ut line 76.
(pdftex.def)             Requested size: 250.38564pt x 204.85014pt.


LaTeX Warning: Citation `BINN' on page 12 undefined on input line 77.


LaTeX Warning: Citation `BINN' on page 12 undefined on input line 77.


Underfull \hbox (badness 10000) in paragraph at lines 81--82

 []

[12 <./images_miscelaneus/red_neuronal.jpg> <./images_miscelaneus/neurona_senci
lla.jpg>]
Missing character: There is no Ã in font cmr12!
Missing character: There is no ³ in font cmr12!


LaTeX Warning: Citation `NNDesign' on page 13 undefined on input line 96.


Underfull \hbox (badness 10000) in paragraph at lines 96--97

 []

[13 <./images_miscelaneus/activation_function.PNG>]

LaTeX Warning: Citation `NNDesign' on page 14 undefined on input line 98.


LaTeX Warning: Citation `Duda' on page 14 undefined on input line 98.


Underfull \hbox (badness 10000) in paragraph at lines 105--106

 []


LaTeX Warning: Citation `Duda' on page 14 undefined on input line 107.


Underfull \hbox (badness 10000) in paragraph at lines 107--108

 []


LaTeX Warning: Citation `Duda' on page 14 undefined on input line 128.


LaTeX Warning: Citation `BINN' on page 14 undefined on input line 128.


LaTeX Warning: Citation `krose' on page 14 undefined on input line 128.


Underfull \hbox (badness 10000) in paragraph at lines 128--129

 []

[14]
Missing character: There is no Â in font cmr12!
Missing character: There is no º in font cmr12!

Underfull \hbox (badness 10000) in paragraph at lines 134--135

 []


Underfull \hbox (badness 10000) in paragraph at lines 136--137

 []


LaTeX Warning: Citation `Doorn' on page 15 undefined on input line 150.

Missing character: There is no Â in font cmr12!
Missing character: There is no ´ in font cmr12!

LaTeX Warning: Citation `Doorn' on page 15 undefined on input line 153.


LaTeX Warning: Citation `Lecum2' on page 15 undefined on input line 157.


Underfull \hbox (badness 10000) in paragraph at lines 157--158

 []

[15]

LaTeX Warning: Citation `Doorn' on page 16 undefined on input line 168.


Underfull \hbox (badness 10000) in paragraph at lines 168--169

 []


LaTeX Warning: Citation `Lecum2' on page 16 undefined on input line 170.


LaTeX Warning: Citation `Lecum3' on page 16 undefined on input line 170.

) (Theano.tex
Underfull \hbox (badness 10000) in paragraph at lines 170--1

 []


Underfull \hbox (badness 10000) in paragraph at lines 2--3

 []


Underfull \hbox (badness 10000) in paragraph at lines 4--5

 []


Underfull \hbox (badness 10000) in paragraph at lines 6--7

 []


Underfull \hbox (badness 10000) in paragraph at lines 8--9

 []

) (databases.tex [16]
<images_databases/mnistExamples.png, id=323, 531.9875pt x 298.11375pt>
File: images_databases/mnistExamples.png Graphic file (type png)

<use images_databases/mnistExamples.png>
Package pdftex.def Info: images_databases/mnistExamples.png used on input line 
15.
(pdftex.def)             Requested size: 273.14923pt x 153.06859pt.


LaTeX Warning: Citation `MNISTimage' on page 17 undefined on input line 16.


LaTeX Warning: Citation `MNISTimage' on page 17 undefined on input line 16.


LaTeX Warning: Citation `MNISTimage' on page 17 undefined on input line 18.


LaTeX Warning: Citation `ABC4EU' on page 17 undefined on input line 28.


Underfull \hbox (badness 10000) in paragraph at lines 28--29

 []

[17 <./images_databases/mnistExamples.png (PNG copy)>]
Underfull \hbox (badness 10000) in paragraph at lines 30--31

 []

<images_databases/fravrgb/at1-0.JPG, id=332, 154.6578pt x 218.87486pt>
File: images_databases/fravrgb/at1-0.JPG Graphic file (type jpg)

<use images_databases/fravrgb/at1-0.JPG>
Package pdftex.def Info: images_databases/fravrgb/at1-0.JPG used on input line 
34.
(pdftex.def)             Requested size: 81.9406pt x 115.96303pt.

Underfull \hbox (badness 4556) in paragraph at lines 34--34
[]\OT1/cmr/m/n/10 (a) printed im-age
 []

<images_databases/fravrgb/at2-0.JPG, id=333, 154.6578pt x 218.87486pt>
File: images_databases/fravrgb/at2-0.JPG Graphic file (type jpg)

<use images_databases/fravrgb/at2-0.JPG>
Package pdftex.def Info: images_databases/fravrgb/at2-0.JPG used on input line 
35.
(pdftex.def)             Requested size: 81.9406pt x 115.96303pt.

<images_databases/fravrgb/at3-0.JPG, id=334, 154.6578pt x 211.44138pt>
File: images_databases/fravrgb/at3-0.JPG Graphic file (type jpg)

<use images_databases/fravrgb/at3-0.JPG>
Package pdftex.def Info: images_databases/fravrgb/at3-0.JPG used on input line 
36.
(pdftex.def)             Requested size: 81.9406pt x 112.02466pt.

<images_databases/fravrgb/at4-0.JPG, id=335, 125.95628pt x 178.19717pt>
File: images_databases/fravrgb/at4-0.JPG Graphic file (type jpg)

<use images_databases/fravrgb/at4-0.JPG>
Package pdftex.def Info: images_databases/fravrgb/at4-0.JPG used on input line 
37.
(pdftex.def)             Requested size: 81.9406pt x 115.92738pt.

<images_databases/fravrgb/real0.JPG, id=336, 154.6578pt x 218.87486pt>
File: images_databases/fravrgb/real0.JPG Graphic file (type jpg)

<use images_databases/fravrgb/real0.JPG>
Package pdftex.def Info: images_databases/fravrgb/real0.JPG used on input line 
38.
(pdftex.def)             Requested size: 81.9406pt x 115.96303pt.

<images_databases/fravrgb/at1-1.JPG, id=337, 214.12569pt x 302.91454pt>
File: images_databases/fravrgb/at1-1.JPG Graphic file (type jpg)

<use images_databases/fravrgb/at1-1.JPG>
Package pdftex.def Info: images_databases/fravrgb/at1-1.JPG used on input line 
45.
(pdftex.def)             Requested size: 81.9406pt x 115.91757pt.

<images_databases/fravrgb/at2-1.JPG, id=338, 237.45857pt x 335.74577pt>
File: images_databases/fravrgb/at2-1.JPG Graphic file (type jpg)

<use images_databases/fravrgb/at2-1.JPG>
Package pdftex.def Info: images_databases/fravrgb/at2-1.JPG used on input line 
46.
(pdftex.def)             Requested size: 81.9406pt x 115.85803pt.

Underfull \hbox (badness 10000) in paragraph at lines 46--46
[]\OT1/cmr/m/n/10 (b) mask at-tack
 []

<images_databases/fravrgb/at3-1.JPG, id=339, 294.8616pt x 418.95952pt>
File: images_databases/fravrgb/at3-1.JPG Graphic file (type jpg)

<use images_databases/fravrgb/at3-1.JPG>
Package pdftex.def Info: images_databases/fravrgb/at3-1.JPG used on input line 
47.
(pdftex.def)             Requested size: 81.9406pt x 116.42564pt.

<images_databases/fravrgb/at4-1.JPG, id=340, 148.05026pt x 209.37651pt>
File: images_databases/fravrgb/at4-1.JPG Graphic file (type jpg)

<use images_databases/fravrgb/at4-1.JPG>
Package pdftex.def Info: images_databases/fravrgb/at4-1.JPG used on input line 
48.
(pdftex.def)             Requested size: 81.9406pt x 115.88264pt.

Underfull \hbox (badness 10000) in paragraph at lines 48--48
[]\OT1/cmr/m/n/10 (d) tablet at-tack
 []

<images_databases/fravrgb/real1.JPG, id=341, 341.94034pt x 483.58954pt>
File: images_databases/fravrgb/real1.JPG Graphic file (type jpg)

<use images_databases/fravrgb/real1.JPG>
Package pdftex.def Info: images_databases/fravrgb/real1.JPG used on input line 
49.
(pdftex.def)             Requested size: 81.9406pt x 115.87938pt.

<images_databases/fravnnir/at-1.jpg, id=342, 113.67468pt x 188.95593pt>
File: images_databases/fravnnir/at-1.jpg Graphic file (type jpg)

<use images_databases/fravnnir/at-1.jpg>
Package pdftex.def Info: images_databases/fravnnir/at-1.jpg used on input line 
51.
(pdftex.def)             Requested size: 81.9406pt x 136.20673pt.

<images_databases/fravnnir/at-2.jpg, id=343, 113.67468pt x 188.95593pt>
File: images_databases/fravnnir/at-2.jpg Graphic file (type jpg)

<use images_databases/fravnnir/at-2.jpg>
Package pdftex.def Info: images_databases/fravnnir/at-2.jpg used on input line 
52.
(pdftex.def)             Requested size: 81.9406pt x 136.20673pt.

Underfull \hbox (badness 10000) in paragraph at lines 52--52
[]\OT1/cmr/m/n/10 (g) mask at-tack
 []

<images_databases/fravnnir/at-3.jpg, id=344, 113.67468pt x 188.95593pt>
File: images_databases/fravnnir/at-3.jpg Graphic file (type jpg)

<use images_databases/fravnnir/at-3.jpg>
Package pdftex.def Info: images_databases/fravnnir/at-3.jpg used on input line 
53.
(pdftex.def)             Requested size: 81.9406pt x 136.20673pt.

<images_databases/fravnnir/at-4.jpg, id=345, 113.67468pt x 188.95593pt>
File: images_databases/fravnnir/at-4.jpg Graphic file (type jpg)

<use images_databases/fravnnir/at-4.jpg>
Package pdftex.def Info: images_databases/fravnnir/at-4.jpg used on input line 
54.
(pdftex.def)             Requested size: 81.9406pt x 136.20673pt.

Underfull \hbox (badness 10000) in paragraph at lines 54--54
[]\OT1/cmr/m/n/10 (i) tablet at-tack
 []

<images_databases/fravnnir/real.jpg, id=346, 113.67468pt x 188.95593pt>
File: images_databases/fravnnir/real.jpg Graphic file (type jpg)

<use images_databases/fravnnir/real.jpg>
Package pdftex.def Info: images_databases/fravnnir/real.jpg used on input line 
55.
(pdftex.def)             Requested size: 81.9406pt x 136.20673pt.

Underfull \hbox (badness 10000) in paragraph at lines 67--68

 []

[18 <./images_databases/fravrgb/at1-0.JPG> <./images_databases/fravrgb/at2-0.JP
G> <./images_databases/fravrgb/at3-0.JPG> <./images_databases/fravrgb/at4-0.JPG
> <./images_databases/fravrgb/real0.JPG>] [19 <./images_databases/fravrgb/at1-1
.JPG> <./images_databases/fravrgb/at2-1.JPG> <./images_databases/fravrgb/at3-1.
JPG> <./images_databases/fravrgb/at4-1.JPG> <./images_databases/fravrgb/real1.J
PG> <./images_databases/fravnnir/at-1.jpg> <./images_databases/fravnnir/at-2.jp
g> <./images_databases/fravnnir/at-3.jpg> <./images_databases/fravnnir/at-4.jpg
> <./images_databases/fravnnir/real.jpg>]
Underfull \hbox (badness 10000) in paragraph at lines 93--94

 []


Underfull \hbox (badness 10000) in paragraph at lines 95--96

 []


LaTeX Warning: Citation `Casiadatbase' on page 20 undefined on input line 99.


Underfull \hbox (badness 10000) in paragraph at lines 101--102

 []

<images_databases/casia/at1-2.jpg, id=399, 592.2125pt x 1031.855pt>
File: images_databases/casia/at1-2.jpg Graphic file (type jpg)

<use images_databases/casia/at1-2.jpg>
Package pdftex.def Info: images_databases/casia/at1-2.jpg used on input line 10
5.
(pdftex.def)             Requested size: 91.04742pt x 158.62904pt.

<images_databases/casia/at2-2.jpg, id=400, 444.15938pt x 773.89125pt>
File: images_databases/casia/at2-2.jpg Graphic file (type jpg)

<use images_databases/casia/at2-2.jpg>
Package pdftex.def Info: images_databases/casia/at2-2.jpg used on input line 10
6.
(pdftex.def)             Requested size: 91.04742pt x 158.63692pt.

<images_databases/casia/at3-2.jpg, id=401, 592.2125pt x 1031.855pt>
File: images_databases/casia/at3-2.jpg Graphic file (type jpg)

<use images_databases/casia/at3-2.jpg>
Package pdftex.def Info: images_databases/casia/at3-2.jpg used on input line 10
7.
(pdftex.def)             Requested size: 91.04742pt x 158.62904pt.

<images_databases/casia/real2.jpg, id=402, 592.2125pt x 1027.84pt>
File: images_databases/casia/real2.jpg Graphic file (type jpg)

<use images_databases/casia/real2.jpg>
Package pdftex.def Info: images_databases/casia/real2.jpg used on input line 10
8.
(pdftex.def)             Requested size: 91.04742pt x 158.01181pt.
 [20]

LaTeX Warning: Citation `S' on page 21 undefined on input line 142.


LaTeX Warning: Citation `F' on page 21 undefined on input line 143.


Underfull \hbox (badness 10000) in paragraph at lines 146--147

 []


LaTeX Warning: Citation `yangLL14' on page 21 undefined on input line 158.


LaTeX Warning: Citation `Spoofing_survey' on page 21 undefined on input line 15
8.


LaTeX Warning: Citation `MSUdatabse' on page 21 undefined on input line 158.


LaTeX Warning: Citation `LSTM-CNN' on page 21 undefined on input line 158.


Underfull \hbox (badness 10000) in paragraph at lines 158--159

 []

[21 <./images_databases/casia/at1-2.jpg> <./images_databases/casia/at2-2.jpg> <
./images_databases/casia/at3-2.jpg> <./images_databases/casia/real2.jpg>]

LaTeX Warning: Citation `MSUdatabse' on page 22 undefined on input line 161.


Underfull \hbox (badness 10000) in paragraph at lines 161--162

 []

<images_databases/MFSD/at1-1.jpg, id=425, 100.2144pt x 112.7412pt>
File: images_databases/MFSD/at1-1.jpg Graphic file (type jpg)

<use images_databases/MFSD/at1-1.jpg>
Package pdftex.def Info: images_databases/MFSD/at1-1.jpg used on input line 173
.
(pdftex.def)             Requested size: 91.04742pt x 102.4312pt.

<images_databases/MFSD/at2-1.jpg, id=426, 100.2144pt x 112.7412pt>
File: images_databases/MFSD/at2-1.jpg Graphic file (type jpg)

<use images_databases/MFSD/at2-1.jpg>
Package pdftex.def Info: images_databases/MFSD/at2-1.jpg used on input line 174
.
(pdftex.def)             Requested size: 91.04742pt x 102.4312pt.

<images_databases/MFSD/at3-1.jpg, id=427, 100.2144pt x 112.7412pt>
File: images_databases/MFSD/at3-1.jpg Graphic file (type jpg)

<use images_databases/MFSD/at3-1.jpg>
Package pdftex.def Info: images_databases/MFSD/at3-1.jpg used on input line 175
.
(pdftex.def)             Requested size: 91.04742pt x 102.4312pt.

Underfull \hbox (badness 10000) in paragraph at lines 175--175
[]\OT1/cmr/m/n/10 (c) smart-phone
 []

<images_databases/MFSD/1.jpg, id=428, 100.2144pt x 112.7412pt>
File: images_databases/MFSD/1.jpg Graphic file (type jpg)

<use images_databases/MFSD/1.jpg>
Package pdftex.def Info: images_databases/MFSD/1.jpg used on input line 176.
(pdftex.def)             Requested size: 91.04742pt x 102.4312pt.
) (Metric.tex
Underfull \hbox (badness 10000) in paragraph at lines 3--4

 []

[22 <./images_databases/MFSD/at1-1.jpg> <./images_databases/MFSD/at2-1.jpg> <./
images_databases/MFSD/at3-1.jpg> <./images_databases/MFSD/1.jpg>]
Underfull \hbox (badness 10000) in paragraph at lines 13--14

 []


LaTeX Warning: Citation `Stutz' on page 23 undefined on input line 15.


Underfull \hbox (badness 10000) in paragraph at lines 15--16

 []


Underfull \hbox (badness 10000) in paragraph at lines 17--18

 []


Underfull \hbox (badness 10000) in paragraph at lines 23--24

 []


Underfull \hbox (badness 10000) in paragraph at lines 27--28

 []


LaTeX Warning: Citation `Sokolova' on page 23 undefined on input line 29.


Underfull \hbox (badness 10000) in paragraph at lines 29--30

 []


Underfull \hbox (badness 10000) in paragraph at lines 31--33

 []

[23]

LaTeX Warning: Citation `ROC' on page 24 undefined on input line 34.


LaTeX Warning: Citation `Sokolova' on page 24 undefined on input line 34.


Underfull \hbox (badness 10000) in paragraph at lines 48--49

 []


LaTeX Warning: Citation `Sokolova' on page 24 undefined on input line 51.


Underfull \hbox (badness 10000) in paragraph at lines 51--52

 []


LaTeX Warning: Citation `ROC' on page 24 undefined on input line 54.


LaTeX Warning: Citation `ROC' on page 24 undefined on input line 64.


LaTeX Warning: Citation `ROC' on page 24 undefined on input line 74.


LaTeX Warning: Citation `Sokolova' on page 24 undefined on input line 74.


LaTeX Warning: Citation `Sokolova' on page 24 undefined on input line 79.

[24]

LaTeX Warning: Citation `ROC' on page 25 undefined on input line 85.


Underfull \hbox (badness 10000) in paragraph at lines 85--86

 []

<images_miscelaneus/roccomp.jpg, id=455, 72.27pt x 72.27pt>
File: images_miscelaneus/roccomp.jpg Graphic file (type jpg)

<use images_miscelaneus/roccomp.jpg>
Package pdftex.def Info: images_miscelaneus/roccomp.jpg used on input line 89.
(pdftex.def)             Requested size: 182.09486pt x 182.10477pt.


LaTeX Warning: Citation `RocImage' on page 25 undefined on input line 90.


LaTeX Warning: Citation `RocImage' on page 25 undefined on input line 90.


LaTeX Warning: Citation `RocImage' on page 25 undefined on input line 94.


Underfull \hbox (badness 10000) in paragraph at lines 94--95

 []


Underfull \hbox (badness 10000) in paragraph at lines 96--97

 []


Underfull \hbox (badness 10000) in paragraph at lines 98--99

 []


LaTeX Warning: Citation `ISO' on page 25 undefined on input line 101.


Underfull \hbox (badness 10000) in paragraph at lines 101--102

 []

[25 <./images_miscelaneus/roccomp.jpg>]
Underfull \hbox (badness 10000) in paragraph at lines 103--104

 []


Underfull \hbox (badness 10000) in paragraph at lines 105--106

 []


Underfull \hbox (badness 10000) in paragraph at lines 111--112

 []

) (classifiers.tex
Underfull \hbox (badness 10000) in paragraph at lines 123--1

 []


LaTeX Warning: Citation `Duda' on page 26 undefined on input line 2.


Underfull \hbox (badness 10000) in paragraph at lines 2--3

 []


LaTeX Warning: Citation `PCAvsLDA' on page 26 undefined on input line 4.


Underfull \hbox (badness 10000) in paragraph at lines 4--5

 []

[26]
Underfull \hbox (badness 10000) in paragraph at lines 6--7

 []


Underfull \hbox (badness 10000) in paragraph at lines 9--10

 []


Underfull \hbox (badness 10000) in paragraph at lines 12--13

 []


LaTeX Warning: Citation `ClassifiersReview' on page 27 undefined on input line 
14.


Underfull \hbox (badness 10000) in paragraph at lines 14--15

 []


Underfull \hbox (badness 10000) in paragraph at lines 32--33

 []


LaTeX Warning: Citation `MachineLearning' on page 27 undefined on input line 35
.


Underfull \hbox (badness 10000) in paragraph at lines 35--36

 []

[27]
Underfull \hbox (badness 10000) in paragraph at lines 42--43

 []

<images_miscelaneus/svm.png, id=479, 72.27pt x 71.3064pt>
File: images_miscelaneus/svm.png Graphic file (type png)

<use images_miscelaneus/svm.png>
Package pdftex.def Info: images_miscelaneus/svm.png used on input line 46.
(pdftex.def)             Requested size: 227.62206pt x 224.59993pt.


LaTeX Warning: Citation `SVMimage' on page 28 undefined on input line 47.


LaTeX Warning: Citation `SVMimage' on page 28 undefined on input line 47.


LaTeX Warning: Citation `SVMimage' on page 28 undefined on input line 50.


Underfull \hbox (badness 10000) in paragraph at lines 50--51

 []


LaTeX Warning: Citation `SVM1' on page 28 undefined on input line 52.


LaTeX Warning: Citation `MachineLearning' on page 28 undefined on input line 52
.


Underfull \hbox (badness 10000) in paragraph at lines 52--53

 []


LaTeX Warning: Citation `ClassifiersReview' on page 28 undefined on input line 
54.


LaTeX Warning: Citation `practicalguideSVM' on page 28 undefined on input line 
54.

[28 <./images_miscelaneus/svm.png>]

LaTeX Warning: Citation `ClassifiersReview' on page 29 undefined on input line 
63.


LaTeX Warning: Citation `MachineLearning' on page 29 undefined on input line 63
.


Underfull \hbox (badness 10000) in paragraph at lines 68--69

 []


LaTeX Warning: Citation `MachineLearning' on page 29 undefined on input line 70
.


Underfull \hbox (badness 10000) in paragraph at lines 75--76

 []


Underfull \hbox (badness 10000) in paragraph at lines 77--78

 []


LaTeX Warning: Citation `Duda' on page 29 undefined on input line 80.


Underfull \hbox (badness 10000) in paragraph at lines 80--81

 []


LaTeX Warning: Citation `ClassifiersReview' on page 29 undefined on input line 
82.


LaTeX Warning: Citation `Treeimage' on page 29 undefined on input line 82.


Underfull \hbox (badness 10000) in paragraph at lines 82--83

 []

<images_miscelaneus/tree.png, id=490, 1159.33125pt x 905.3825pt>
File: images_miscelaneus/tree.png Graphic file (type png)

<use images_miscelaneus/tree.png>
Package pdftex.def Info: images_miscelaneus/tree.png used on input line 86.
(pdftex.def)             Requested size: 250.38564pt x 195.5376pt.


LaTeX Warning: Citation `Treeimage' on page 29 undefined on input line 87.


LaTeX Warning: Citation `Treeimage' on page 29 undefined on input line 87.


LaTeX Warning: Citation `Duda' on page 29 undefined on input line 91.


Underfull \hbox (badness 10000) in paragraph at lines 91--92

 []

[29]

LaTeX Warning: Citation `PCAvsLDA' on page 30 undefined on input line 95.


Underfull \hbox (badness 10000) in paragraph at lines 95--96

 []


LaTeX Warning: Citation `PCAvsLDA' on page 30 undefined on input line 109.


LaTeX Warning: Citation `Duda' on page 30 undefined on input line 109.


Underfull \hbox (badness 10000) in paragraph at lines 109--110

 []

[30 <./images_miscelaneus/tree.png>]

LaTeX Warning: Citation `PCAvsLDA' on page 31 undefined on input line 111.


Underfull \hbox (badness 10000) in paragraph at lines 111--112

 []


Underfull \hbox (badness 10000) in paragraph at lines 113--114

 []


Underfull \hbox (badness 10000) in paragraph at lines 121--122

 []


Underfull \hbox (badness 10000) in paragraph at lines 124--125

 []


Underfull \hbox (badness 10000) in paragraph at lines 126--127

 []

))
Underfull \hbox (badness 10000) in paragraph at lines 128--177

 []

[31] [32

]
Chapter 3.
(summary.tex
\openout3 = `Memoria_TFM.mtc'.

\openout3 = `Memoria_TFM.mtc'.

 (Memoria_TFM.mtc4)
Underfull \hbox (badness 10000) in paragraph at lines 6--8

 []


LaTeX Warning: Citation `Lenet5' on page 33 undefined on input line 10.


Underfull \hbox (badness 10000) in paragraph at lines 10--11

 []


<images/images_lenet/LenetArquitectura.png, id=535, 1759.57375pt x 495.8525pt>
File: images/images_lenet/LenetArquitectura.png Graphic file (type png)

<use images/images_lenet/LenetArquitectura.png>
Package pdftex.def Info: images/images_lenet/LenetArquitectura.png used on inpu
t line 14.
(pdftex.def)             Requested size: 318.66948pt x 89.80191pt.

Underfull \hbox (badness 10000) in paragraph at lines 19--20

 []

[33]
Underfull \hbox (badness 10000) in paragraph at lines 21--22

 []


Underfull \hbox (badness 10000) in paragraph at lines 23--24

 []


Underfull \hbox (badness 10000) in paragraph at lines 26--27

 []


Underfull \hbox (badness 10000) in paragraph at lines 28--29

 []


Underfull \hbox (badness 10000) in paragraph at lines 30--31

 []


Underfull \hbox (badness 10000) in paragraph at lines 32--33

 []

[34 <./images/images_lenet/LenetArquitectura.png>]
Underfull \hbox (badness 10000) in paragraph at lines 34--35

 []


Underfull \hbox (badness 10000) in paragraph at lines 36--37

 []


Underfull \hbox (badness 10000) in paragraph at lines 40--41

 []


Underfull \hbox (badness 10000) in paragraph at lines 42--43

 []


LaTeX Warning: Citation `Yoshua' on page 35 undefined on input line 44.


Underfull \hbox (badness 10000) in paragraph at lines 44--45

 []


Underfull \hbox (badness 10000) in paragraph at lines 58--59

 []

<images/images_lenet/w_layer0_epoch10.png, id=556, 578.16pt x 433.62pt>
File: images/images_lenet/w_layer0_epoch10.png Graphic file (type png)

<use images/images_lenet/w_layer0_epoch10.png>
Package pdftex.def Info: images/images_lenet/w_layer0_epoch10.png used on input
 line 62.
(pdftex.def)             Requested size: 318.66948pt x 239.0012pt.
 [35]
Underfull \hbox (badness 10000) in paragraph at lines 66--67

 []

<images/images_lenet/cost_lenet.png, id=563, 578.16pt x 433.62pt>
File: images/images_lenet/cost_lenet.png Graphic file (type png)

<use images/images_lenet/cost_lenet.png>
Package pdftex.def Info: images/images_lenet/cost_lenet.png used on input line 
70.
(pdftex.def)             Requested size: 318.66948pt x 239.0012pt.

Underfull \hbox (badness 10000) in paragraph at lines 74--75

 []

<images/ModificandoLenet/error_lenet.png, id=565, 578.16pt x 433.62pt>
File: images/ModificandoLenet/error_lenet.png Graphic file (type png)

<use images/ModificandoLenet/error_lenet.png>
Package pdftex.def Info: images/ModificandoLenet/error_lenet.png used on input 
line 78.
(pdftex.def)             Requested size: 318.66948pt x 239.0012pt.

Underfull \hbox (badness 10000) in paragraph at lines 82--83

 []


Underfull \hbox (badness 10000) in paragraph at lines 91--92

 []


Underfull \vbox (badness 10000) has occurred while \output is active []

 [36 <./images/images_lenet/w_layer0_epoch10.png>]
Underfull \hbox (badness 10000) in paragraph at lines 94--95

 []


Underfull \hbox (badness 10000) in paragraph at lines 96--97

 []


Underfull \hbox (badness 10000) in paragraph at lines 98--99

 []

[37 <./images/images_lenet/cost_lenet.png>]
<images/images_lenet/lenet_batch/lenet_500batch_rror.png, id=582, 578.16pt x 43
3.62pt>
File: images/images_lenet/lenet_batch/lenet_500batch_rror.png Graphic file (typ
e png)
 <use images/images_lenet/lenet_batch/lenet_500batch_rror.png>
Package pdftex.def Info: images/images_lenet/lenet_batch/lenet_500batch_rror.pn
g used on input line 102.
(pdftex.def)             Requested size: 213.96529pt x 160.46997pt.

<images/images_lenet/lenet_batch/lenet_20batch_error.png, id=583, 578.16pt x 43
3.62pt>
File: images/images_lenet/lenet_batch/lenet_20batch_error.png Graphic file (typ
e png)
 <use images/images_lenet/lenet_batch/lenet_20batch_error.png>
Package pdftex.def Info: images/images_lenet/lenet_batch/lenet_20batch_error.pn
g used on input line 103.
(pdftex.def)             Requested size: 213.96529pt x 160.46997pt.

<images/images_lenet/lenet_batch/lenet_100batch_error.png, id=584, 578.16pt x 4
33.62pt>
File: images/images_lenet/lenet_batch/lenet_100batch_error.png Graphic file (ty
pe png)
 <use images/images_lenet/lenet_batch/lenet_100batch_error.png>
Package pdftex.def Info: images/images_lenet/lenet_batch/lenet_100batch_error.p
ng used on input line 104.
(pdftex.def)             Requested size: 213.96529pt x 160.46997pt.


LaTeX Warning: Citation `Yoshua' on page 38 undefined on input line 111.


LaTeX Warning: Citation `Yoshua' on page 38 undefined on input line 111.


Underfull \hbox (badness 10000) in paragraph at lines 111--112

 []


Underfull \hbox (badness 10000) in paragraph at lines 113--114

 []


Underfull \hbox (badness 10000) in paragraph at lines 115--116

 []

[38 <./images/ModificandoLenet/error_lenet.png>]
Underfull \hbox (badness 10000) in paragraph at lines 124--125

 []


Underfull \hbox (badness 10000) in paragraph at lines 126--127

 []


Underfull \hbox (badness 10000) in paragraph at lines 128--129

 []

[39 <./images/images_lenet/lenet_batch/lenet_500batch_rror.png> <./images/image
s_lenet/lenet_batch/lenet_20batch_error.png> <./images/images_lenet/lenet_batch
/lenet_100batch_error.png>]

LaTeX Warning: Citation `XavierInitialization' on page 40 undefined on input li
ne 130.


Underfull \hbox (badness 10000) in paragraph at lines 136--137

 []


Underfull \hbox (badness 10000) in paragraph at lines 138--139

 []


Overfull \hbox (9.55524pt too wide) in paragraph at lines 144--145
[]\OT1/cmr/m/n/12 Experiment 4: chang-ing weights ini-tial-iza-tion: Weights in
i-tial-iza-tion has been changed
 []


LaTeX Warning: Reference `fig:CostModLeNet' on page 40 undefined on input line 
149.


LaTeX Warning: Reference `fig:CostModLeNet' on page 40 undefined on input line 
149.


Underfull \hbox (badness 10000) in paragraph at lines 149--150

 []

<images/ModificandoLenet/cost_lenet.png, id=602, 578.16pt x 433.62pt>
File: images/ModificandoLenet/cost_lenet.png Graphic file (type png)

<use images/ModificandoLenet/cost_lenet.png>
Package pdftex.def Info: images/ModificandoLenet/cost_lenet.png used on input l
ine 152.
(pdftex.def)             Requested size: 191.20169pt x 143.3994pt.

<images/ModificandoLenet/cost_lenet_LRN.png, id=603, 578.16pt x 433.62pt>
File: images/ModificandoLenet/cost_lenet_LRN.png Graphic file (type png)

<use images/ModificandoLenet/cost_lenet_LRN.png>
Package pdftex.def Info: images/ModificandoLenet/cost_lenet_LRN.png used on inp
ut line 153.
(pdftex.def)             Requested size: 191.20169pt x 143.3994pt.

<images/ModificandoLenet/cost_lenet_relu.png, id=604, 578.16pt x 433.62pt>
File: images/ModificandoLenet/cost_lenet_relu.png Graphic file (type png)

<use images/ModificandoLenet/cost_lenet_relu.png>
Package pdftex.def Info: images/ModificandoLenet/cost_lenet_relu.png used on in
put line 154.
(pdftex.def)             Requested size: 191.20169pt x 143.3994pt.

<images/ModificandoLenet/cost_lenet_relu_lrn.png, id=605, 578.16pt x 433.62pt>
File: images/ModificandoLenet/cost_lenet_relu_lrn.png Graphic file (type png)

<use images/ModificandoLenet/cost_lenet_relu_lrn.png>
Package pdftex.def Info: images/ModificandoLenet/cost_lenet_relu_lrn.png used o
n input line 155.
(pdftex.def)             Requested size: 191.20169pt x 143.3994pt.

<images/ModificandoLenet/cost_lenet_gausianInit.png, id=606, 578.16pt x 433.62p
t>
File: images/ModificandoLenet/cost_lenet_gausianInit.png Graphic file (type png
)
 <use images/ModificandoLenet/cost_lenet_gausianInit.png>
Package pdftex.def Info: images/ModificandoLenet/cost_lenet_gausianInit.png use
d on input line 156.
(pdftex.def)             Requested size: 191.20169pt x 143.3994pt.


LaTeX Warning: Reference `fig:cost_gaus_lenet' on page 40 undefined on input li
ne 160.


LaTeX Warning: Reference `fig:cost_lenet' on page 40 undefined on input line 16
0.


Underfull \hbox (badness 10000) in paragraph at lines 160--161

 []

File: images/ModificandoLenet/error_lenet.png Graphic file (type png)
<use images/ModificandoLenet/error_lenet.png>
Package pdftex.def Info: images/ModificandoLenet/error_lenet.png used on input 
line 163.
(pdftex.def)             Requested size: 191.20169pt x 143.3994pt.

<images/ModificandoLenet/error_lenet_LRN.png, id=607, 578.16pt x 433.62pt>
File: images/ModificandoLenet/error_lenet_LRN.png Graphic file (type png)

<use images/ModificandoLenet/error_lenet_LRN.png>
Package pdftex.def Info: images/ModificandoLenet/error_lenet_LRN.png used on in
put line 164.
(pdftex.def)             Requested size: 191.20169pt x 143.3994pt.

<images/ModificandoLenet/error_lenet_relu.png, id=608, 578.16pt x 433.62pt>
File: images/ModificandoLenet/error_lenet_relu.png Graphic file (type png)

<use images/ModificandoLenet/error_lenet_relu.png>
Package pdftex.def Info: images/ModificandoLenet/error_lenet_relu.png used on i
nput line 165.
(pdftex.def)             Requested size: 191.20169pt x 143.3994pt.

<images/ModificandoLenet/error_lenet_relu_lrn.png, id=609, 578.16pt x 433.62pt>
File: images/ModificandoLenet/error_lenet_relu_lrn.png Graphic file (type png)
<use images/ModificandoLenet/error_lenet_relu_lrn.png>
Package pdftex.def Info: images/ModificandoLenet/error_lenet_relu_lrn.png used 
on input line 166.
(pdftex.def)             Requested size: 191.20169pt x 143.3994pt.

<images/ModificandoLenet/error_frav_gausianInit.png, id=610, 578.16pt x 433.62p
t>
File: images/ModificandoLenet/error_frav_gausianInit.png Graphic file (type png
)
 <use images/ModificandoLenet/error_frav_gausianInit.png>
Package pdftex.def Info: images/ModificandoLenet/error_frav_gausianInit.png use
d on input line 167.
(pdftex.def)             Requested size: 191.20169pt x 143.3994pt.


LaTeX Warning: Reference `fig:CostModLeNet' on page 40 undefined on input line 
171.


Underfull \hbox (badness 10000) in paragraph at lines 171--172

 []

[40]
Underfull \hbox (badness 10000) in paragraph at lines 183--184

 []


Underfull \hbox (badness 10000) in paragraph at lines 186--187

 []


Underfull \hbox (badness 10000) in paragraph at lines 188--189

 []


Underfull \hbox (badness 10000) in paragraph at lines 190--191

 []


Underfull \hbox (badness 10000) in paragraph at lines 192--193

 []


Underfull \hbox (badness 10000) in paragraph at lines 194--195

 []

[41]
<images/ModificandoLenet/lenet_frav_cost.png, id=620, 578.16pt x 433.62pt>
File: images/ModificandoLenet/lenet_frav_cost.png Graphic file (type png)

<use images/ModificandoLenet/lenet_frav_cost.png>
Package pdftex.def Info: images/ModificandoLenet/lenet_frav_cost.png used on in
put line 198.
(pdftex.def)             Requested size: 218.51521pt x 163.88408pt.
)
Runaway argument?
{\includegraphics [width=0.48\textwidth ]{images/ModificandoLenet/len\ETC.
! File ended while scanning use of \@subfloat.
<inserted text> 
                \par 
l.178   \input{summary.tex}
                           
I suspect you have forgotten a `}', causing me
to read past where you wanted me to stop.
I'll try to recover; but if the error is serious,
you'd better type `E' or `X' now and fix your file.

Chapter 4.
(results.tex
\openout3 = `Memoria_TFM.mtc'.

\openout3 = `Memoria_TFM.mtc'.

 (Memoria_TFM.mtc5)
Underfull \hbox (badness 10000) in paragraph at lines 10--10
|[]\OT1/cmr/bx/n/17.28 Training and val-i-dat-ing pro-cess|
 []


LaTeX Warning: Reference `Final_archi' on page 42 undefined on input line 11.


Underfull \hbox (badness 10000) in paragraph at lines 12--12
|[]\OT1/cmr/bx/n/14.4 CASIA Im-age database|
 []


LaTeX Warning: Reference `fig:ejecucion2_casia_im_train' on page 42 undefined o
n input line 13.


LaTeX Warning: Reference `fig:ejecucion2_casia_im_train_cost' on page 42 undefi
ned on input line 13.


LaTeX Warning: Reference `fig:ejecucion2_casia_im_train_cost' on page 42 undefi
ned on input line 13.


! LaTeX Error: Not in outer par mode.

See the LaTeX manual or LaTeX Companion for explanation.
Type  H <return>  for immediate help.
 ...                                              
                                                  
l.15 \begin{figure}[htb]
                        
You've lost some text.  Try typing  <return>  to proceed.
If that doesn't work, type  X <return>  to quit.


<images/ejecucion2_general/resultados_casia_images/cost.png, id=636, 578.16pt x
 433.62pt>
File: images/ejecucion2_general/resultados_casia_images/cost.png Graphic file (
type png)
 <use images/ejecucion2_general/resultados_casia_images/cost.png>
Package pdftex.def Info: images/ejecucion2_general/resultados_casia_images/cost
.png used on input line 17.
(pdftex.def)             Requested size: 213.96529pt x 160.46997pt.

! TeX capacity exceeded, sorry [input stack size=5000].
<argument> \c@chapter 
                      
l.17 ...label{fig:ejecucion2_casia_im_train_cost}}
                                                  
If you really absolutely need more capacity,
you can ask a wizard to enlarge me.

 
Here is how much of TeX's memory you used:
 12543 strings out of 493333
 187378 string characters out of 3139198
 457690 words of memory out of 3000000
 15381 multiletter control sequences out of 15000+200000
 17006 words of font info for 68 fonts, out of 3000000 for 9000
 1141 hyphenation exceptions out of 8191
 5000i,12n,5000p,955b,650s stack positions out of 5000i,500n,10000p,200000b,50000s
!  ==> Fatal error occurred, no output PDF file produced!
